This is pdfTeX, Version 3.1415926-2.5-1.40.14 (TeX Live 2013/Debian) (format=latex 2014.9.11)  1 OCT 2014 18:21
entering extended mode
 restricted \write18 enabled.
 %&-line parsing enabled.
**\nonstopmode\nofiles\PassOptionsToPackage{active,tightpage,auctex}{preview}\A
tBeginDocument{\ifx\ifPreview\undefined\RequirePackage[displaymath,floats,graph
ics,textmath,sections,footnotes]{preview}[2004/11/05]\fi} \input _region_.tex
(./_region_.tex  !name(assignment4.tex)
(/usr/share/texlive/texmf-dist/tex/latex/base/article.cls
Document Class: article 2007/10/19 v1.4h Standard LaTeX document class
(/usr/share/texlive/texmf-dist/tex/latex/base/size10.clo
File: size10.clo 2007/10/19 v1.4h Standard LaTeX file (size option)
)
\c@part=\count79
\c@section=\count80
\c@subsection=\count81
\c@subsubsection=\count82
\c@paragraph=\count83
\c@subparagraph=\count84
\c@figure=\count85
\c@table=\count86
\abovecaptionskip=\skip41
\belowcaptionskip=\skip42
\bibindent=\dimen102
)
(/usr/share/texlive/texmf-dist/tex/generic/babel/babel.sty
Package: babel 2013/12/03 3.9h The Babel package

(/usr/share/texlive/texmf-dist/tex/generic/babel-english/english.ldf
Language: english 2012/08/20 v3.3p English support from the babel system

(/usr/share/texlive/texmf-dist/tex/generic/babel/babel.def
File: babel.def 2013/12/03 3.9h Babel common definitions
\babel@savecnt=\count87
\U@D=\dimen103
)
\l@british = a dialect from \language\l@english 
\l@UKenglish = a dialect from \language\l@english 
\l@canadian = a dialect from \language\l@american 
\l@australian = a dialect from \language\l@british 
\l@newzealand = a dialect from \language\l@british 
))
(/usr/share/texlive/texmf-dist/tex/latex/base/inputenc.sty
Package: inputenc 2008/03/30 v1.1d Input encoding file
\inpenc@prehook=\toks14
\inpenc@posthook=\toks15

(/usr/share/texlive/texmf-dist/tex/latex/base/utf8.def
File: utf8.def 2008/04/05 v1.1m UTF-8 support for inputenc
Now handling font encoding OML ...
... no UTF-8 mapping file for font encoding OML
Now handling font encoding T1 ...
... processing UTF-8 mapping file for font encoding T1

(/usr/share/texlive/texmf-dist/tex/latex/base/t1enc.dfu
File: t1enc.dfu 2008/04/05 v1.1m UTF-8 support for inputenc
   defining Unicode char U+00A1 (decimal 161)
   defining Unicode char U+00A3 (decimal 163)
   defining Unicode char U+00AB (decimal 171)
   defining Unicode char U+00BB (decimal 187)
   defining Unicode char U+00BF (decimal 191)
   defining Unicode char U+00C0 (decimal 192)
   defining Unicode char U+00C1 (decimal 193)
   defining Unicode char U+00C2 (decimal 194)
   defining Unicode char U+00C3 (decimal 195)
   defining Unicode char U+00C4 (decimal 196)
   defining Unicode char U+00C5 (decimal 197)
   defining Unicode char U+00C6 (decimal 198)
   defining Unicode char U+00C7 (decimal 199)
   defining Unicode char U+00C8 (decimal 200)
   defining Unicode char U+00C9 (decimal 201)
   defining Unicode char U+00CA (decimal 202)
   defining Unicode char U+00CB (decimal 203)
   defining Unicode char U+00CC (decimal 204)
   defining Unicode char U+00CD (decimal 205)
   defining Unicode char U+00CE (decimal 206)
   defining Unicode char U+00CF (decimal 207)
   defining Unicode char U+00D0 (decimal 208)
   defining Unicode char U+00D1 (decimal 209)
   defining Unicode char U+00D2 (decimal 210)
   defining Unicode char U+00D3 (decimal 211)
   defining Unicode char U+00D4 (decimal 212)
   defining Unicode char U+00D5 (decimal 213)
   defining Unicode char U+00D6 (decimal 214)
   defining Unicode char U+00D8 (decimal 216)
   defining Unicode char U+00D9 (decimal 217)
   defining Unicode char U+00DA (decimal 218)
   defining Unicode char U+00DB (decimal 219)
   defining Unicode char U+00DC (decimal 220)
   defining Unicode char U+00DD (decimal 221)
   defining Unicode char U+00DE (decimal 222)
   defining Unicode char U+00DF (decimal 223)
   defining Unicode char U+00E0 (decimal 224)
   defining Unicode char U+00E1 (decimal 225)
   defining Unicode char U+00E2 (decimal 226)
   defining Unicode char U+00E3 (decimal 227)
   defining Unicode char U+00E4 (decimal 228)
   defining Unicode char U+00E5 (decimal 229)
   defining Unicode char U+00E6 (decimal 230)
   defining Unicode char U+00E7 (decimal 231)
   defining Unicode char U+00E8 (decimal 232)
   defining Unicode char U+00E9 (decimal 233)
   defining Unicode char U+00EA (decimal 234)
   defining Unicode char U+00EB (decimal 235)
   defining Unicode char U+00EC (decimal 236)
   defining Unicode char U+00ED (decimal 237)
   defining Unicode char U+00EE (decimal 238)
   defining Unicode char U+00EF (decimal 239)
   defining Unicode char U+00F0 (decimal 240)
   defining Unicode char U+00F1 (decimal 241)
   defining Unicode char U+00F2 (decimal 242)
   defining Unicode char U+00F3 (decimal 243)
   defining Unicode char U+00F4 (decimal 244)
   defining Unicode char U+00F5 (decimal 245)
   defining Unicode char U+00F6 (decimal 246)
   defining Unicode char U+00F8 (decimal 248)
   defining Unicode char U+00F9 (decimal 249)
   defining Unicode char U+00FA (decimal 250)
   defining Unicode char U+00FB (decimal 251)
   defining Unicode char U+00FC (decimal 252)
   defining Unicode char U+00FD (decimal 253)
   defining Unicode char U+00FE (decimal 254)
   defining Unicode char U+00FF (decimal 255)
   defining Unicode char U+0102 (decimal 258)
   defining Unicode char U+0103 (decimal 259)
   defining Unicode char U+0104 (decimal 260)
   defining Unicode char U+0105 (decimal 261)
   defining Unicode char U+0106 (decimal 262)
   defining Unicode char U+0107 (decimal 263)
   defining Unicode char U+010C (decimal 268)
   defining Unicode char U+010D (decimal 269)
   defining Unicode char U+010E (decimal 270)
   defining Unicode char U+010F (decimal 271)
   defining Unicode char U+0110 (decimal 272)
   defining Unicode char U+0111 (decimal 273)
   defining Unicode char U+0118 (decimal 280)
   defining Unicode char U+0119 (decimal 281)
   defining Unicode char U+011A (decimal 282)
   defining Unicode char U+011B (decimal 283)
   defining Unicode char U+011E (decimal 286)
   defining Unicode char U+011F (decimal 287)
   defining Unicode char U+0130 (decimal 304)
   defining Unicode char U+0131 (decimal 305)
   defining Unicode char U+0132 (decimal 306)
   defining Unicode char U+0133 (decimal 307)
   defining Unicode char U+0139 (decimal 313)
   defining Unicode char U+013A (decimal 314)
   defining Unicode char U+013D (decimal 317)
   defining Unicode char U+013E (decimal 318)
   defining Unicode char U+0141 (decimal 321)
   defining Unicode char U+0142 (decimal 322)
   defining Unicode char U+0143 (decimal 323)
   defining Unicode char U+0144 (decimal 324)
   defining Unicode char U+0147 (decimal 327)
   defining Unicode char U+0148 (decimal 328)
   defining Unicode char U+014A (decimal 330)
   defining Unicode char U+014B (decimal 331)
   defining Unicode char U+0150 (decimal 336)
   defining Unicode char U+0151 (decimal 337)
   defining Unicode char U+0152 (decimal 338)
   defining Unicode char U+0153 (decimal 339)
   defining Unicode char U+0154 (decimal 340)
   defining Unicode char U+0155 (decimal 341)
   defining Unicode char U+0158 (decimal 344)
   defining Unicode char U+0159 (decimal 345)
   defining Unicode char U+015A (decimal 346)
   defining Unicode char U+015B (decimal 347)
   defining Unicode char U+015E (decimal 350)
   defining Unicode char U+015F (decimal 351)
   defining Unicode char U+0160 (decimal 352)
   defining Unicode char U+0161 (decimal 353)
   defining Unicode char U+0162 (decimal 354)
   defining Unicode char U+0163 (decimal 355)
   defining Unicode char U+0164 (decimal 356)
   defining Unicode char U+0165 (decimal 357)
   defining Unicode char U+016E (decimal 366)
   defining Unicode char U+016F (decimal 367)
   defining Unicode char U+0170 (decimal 368)
   defining Unicode char U+0171 (decimal 369)
   defining Unicode char U+0178 (decimal 376)
   defining Unicode char U+0179 (decimal 377)
   defining Unicode char U+017A (decimal 378)
   defining Unicode char U+017B (decimal 379)
   defining Unicode char U+017C (decimal 380)
   defining Unicode char U+017D (decimal 381)
   defining Unicode char U+017E (decimal 382)
   defining Unicode char U+200C (decimal 8204)
   defining Unicode char U+2013 (decimal 8211)
   defining Unicode char U+2014 (decimal 8212)
   defining Unicode char U+2018 (decimal 8216)
   defining Unicode char U+2019 (decimal 8217)
   defining Unicode char U+201A (decimal 8218)
   defining Unicode char U+201C (decimal 8220)
   defining Unicode char U+201D (decimal 8221)
   defining Unicode char U+201E (decimal 8222)
   defining Unicode char U+2030 (decimal 8240)
   defining Unicode char U+2031 (decimal 8241)
   defining Unicode char U+2039 (decimal 8249)
   defining Unicode char U+203A (decimal 8250)
   defining Unicode char U+2423 (decimal 9251)
)
Now handling font encoding OT1 ...
... processing UTF-8 mapping file for font encoding OT1

(/usr/share/texlive/texmf-dist/tex/latex/base/ot1enc.dfu
File: ot1enc.dfu 2008/04/05 v1.1m UTF-8 support for inputenc
   defining Unicode char U+00A1 (decimal 161)
   defining Unicode char U+00A3 (decimal 163)
   defining Unicode char U+00B8 (decimal 184)
   defining Unicode char U+00BF (decimal 191)
   defining Unicode char U+00C5 (decimal 197)
   defining Unicode char U+00C6 (decimal 198)
   defining Unicode char U+00D8 (decimal 216)
   defining Unicode char U+00DF (decimal 223)
   defining Unicode char U+00E6 (decimal 230)
   defining Unicode char U+00EC (decimal 236)
   defining Unicode char U+00ED (decimal 237)
   defining Unicode char U+00EE (decimal 238)
   defining Unicode char U+00EF (decimal 239)
   defining Unicode char U+00F8 (decimal 248)
   defining Unicode char U+0131 (decimal 305)
   defining Unicode char U+0141 (decimal 321)
   defining Unicode char U+0142 (decimal 322)
   defining Unicode char U+0152 (decimal 338)
   defining Unicode char U+0153 (decimal 339)
   defining Unicode char U+2013 (decimal 8211)
   defining Unicode char U+2014 (decimal 8212)
   defining Unicode char U+2018 (decimal 8216)
   defining Unicode char U+2019 (decimal 8217)
   defining Unicode char U+201C (decimal 8220)
   defining Unicode char U+201D (decimal 8221)
)
Now handling font encoding OMS ...
... processing UTF-8 mapping file for font encoding OMS

(/usr/share/texlive/texmf-dist/tex/latex/base/omsenc.dfu
File: omsenc.dfu 2008/04/05 v1.1m UTF-8 support for inputenc
   defining Unicode char U+00A7 (decimal 167)
   defining Unicode char U+00B6 (decimal 182)
   defining Unicode char U+00B7 (decimal 183)
   defining Unicode char U+2020 (decimal 8224)
   defining Unicode char U+2021 (decimal 8225)
   defining Unicode char U+2022 (decimal 8226)
)
Now handling font encoding OMX ...
... no UTF-8 mapping file for font encoding OMX
Now handling font encoding U ...
... no UTF-8 mapping file for font encoding U
   defining Unicode char U+00A9 (decimal 169)
   defining Unicode char U+00AA (decimal 170)
   defining Unicode char U+00AE (decimal 174)
   defining Unicode char U+00BA (decimal 186)
   defining Unicode char U+02C6 (decimal 710)
   defining Unicode char U+02DC (decimal 732)
   defining Unicode char U+200C (decimal 8204)
   defining Unicode char U+2026 (decimal 8230)
   defining Unicode char U+2122 (decimal 8482)
   defining Unicode char U+2423 (decimal 9251)
))
(/usr/share/texlive/texmf-dist/tex/latex/amsmath/amsmath.sty
Package: amsmath 2013/01/14 v2.14 AMS math features
\@mathmargin=\skip43

For additional information on amsmath, use the `?' option.
(/usr/share/texlive/texmf-dist/tex/latex/amsmath/amstext.sty
Package: amstext 2000/06/29 v2.01

(/usr/share/texlive/texmf-dist/tex/latex/amsmath/amsgen.sty
File: amsgen.sty 1999/11/30 v2.0
\@emptytoks=\toks16
\ex@=\dimen104
))
(/usr/share/texlive/texmf-dist/tex/latex/amsmath/amsbsy.sty
Package: amsbsy 1999/11/29 v1.2d
\pmbraise@=\dimen105
)
(/usr/share/texlive/texmf-dist/tex/latex/amsmath/amsopn.sty
Package: amsopn 1999/12/14 v2.01 operator names
)
\inf@bad=\count88
LaTeX Info: Redefining \frac on input line 210.
\uproot@=\count89
\leftroot@=\count90
LaTeX Info: Redefining \overline on input line 306.
\classnum@=\count91
\DOTSCASE@=\count92
LaTeX Info: Redefining \ldots on input line 378.
LaTeX Info: Redefining \dots on input line 381.
LaTeX Info: Redefining \cdots on input line 466.
\Mathstrutbox@=\box26
\strutbox@=\box27
\big@size=\dimen106
LaTeX Font Info:    Redeclaring font encoding OML on input line 566.
LaTeX Font Info:    Redeclaring font encoding OMS on input line 567.
\macc@depth=\count93
\c@MaxMatrixCols=\count94
\dotsspace@=\muskip10
\c@parentequation=\count95
\dspbrk@lvl=\count96
\tag@help=\toks17
\row@=\count97
\column@=\count98
\maxfields@=\count99
\andhelp@=\toks18
\eqnshift@=\dimen107
\alignsep@=\dimen108
\tagshift@=\dimen109
\tagwidth@=\dimen110
\totwidth@=\dimen111
\lineht@=\dimen112
\@envbody=\toks19
\multlinegap=\skip44
\multlinetaggap=\skip45
\mathdisplay@stack=\toks20
LaTeX Info: Redefining \[ on input line 2665.
LaTeX Info: Redefining \] on input line 2666.
)
(/usr/share/texlive/texmf-dist/tex/latex/graphics/graphicx.sty
Package: graphicx 1999/02/16 v1.0f Enhanced LaTeX Graphics (DPC,SPQR)

(/usr/share/texlive/texmf-dist/tex/latex/graphics/keyval.sty
Package: keyval 1999/03/16 v1.13 key=value parser (DPC)
\KV@toks@=\toks21
)
(/usr/share/texlive/texmf-dist/tex/latex/graphics/graphics.sty
Package: graphics 2009/02/05 v1.0o Standard LaTeX Graphics (DPC,SPQR)

(/usr/share/texlive/texmf-dist/tex/latex/graphics/trig.sty
Package: trig 1999/03/16 v1.09 sin cos tan (DPC)
)
(/usr/share/texlive/texmf-dist/tex/latex/latexconfig/graphics.cfg
File: graphics.cfg 2010/04/23 v1.9 graphics configuration of TeX Live
)
Package graphics Info: Driver file: dvips.def on input line 91.

(/usr/share/texlive/texmf-dist/tex/latex/graphics/dvips.def
File: dvips.def 1999/02/16 v3.0i Driver-dependant file (DPC,SPQR)
))
\Gin@req@height=\dimen113
\Gin@req@width=\dimen114
)
(/usr/share/texlive/texmf-dist/tex/latex/listings/listings.sty
\lst@mode=\count100
\lst@gtempboxa=\box28
\lst@token=\toks22
\lst@length=\count101
\lst@currlwidth=\dimen115
\lst@column=\count102
\lst@pos=\count103
\lst@lostspace=\dimen116
\lst@width=\dimen117
\lst@newlines=\count104
\lst@lineno=\count105
\lst@maxwidth=\dimen118

(/usr/share/texlive/texmf-dist/tex/latex/listings/lstmisc.sty
File: lstmisc.sty 2013/08/26 1.5b (Carsten Heinz)
\c@lstnumber=\count106
\lst@skipnumbers=\count107
\lst@framebox=\box29
)
(/usr/share/texlive/texmf-dist/tex/latex/listings/listings.cfg
File: listings.cfg 2013/08/26 1.5b listings configuration
))
Package: listings 2013/08/26 1.5b (Carsten Heinz)

No file _region_.aux.
LaTeX Font Info:    Checking defaults for OML/cmm/m/it on input line 15.
LaTeX Font Info:    ... okay on input line 15.
LaTeX Font Info:    Checking defaults for T1/cmr/m/n on input line 15.
LaTeX Font Info:    ... okay on input line 15.
LaTeX Font Info:    Checking defaults for OT1/cmr/m/n on input line 15.
LaTeX Font Info:    ... okay on input line 15.
LaTeX Font Info:    Checking defaults for OMS/cmsy/m/n on input line 15.
LaTeX Font Info:    ... okay on input line 15.
LaTeX Font Info:    Checking defaults for OMX/cmex/m/n on input line 15.
LaTeX Font Info:    ... okay on input line 15.
LaTeX Font Info:    Checking defaults for U/cmr/m/n on input line 15.
LaTeX Font Info:    ... okay on input line 15.
(/usr/share/texmf/tex/latex/preview/preview.sty
Package: preview 2010/02/14 11.87 (AUCTeX/preview-latex)

(/usr/share/texmf/tex/latex/preview/prtightpage.def
\PreviewBorder=\dimen119
)
(/usr/share/texmf/tex/latex/preview/prauctex.def
No auxiliary output files.


\hbadness=\count108
\hfuzz=\dimen120
(/usr/share/texmf/tex/latex/preview/prauctex.cfg))
(/usr/share/texmf/tex/latex/preview/prfootnotes.def)
\pr@snippet=\count109
\pr@box=\box30
\pr@output=\toks23

Preview: Fontsize 10pt
)
\c@lstlisting=\count110
  !name(assignment4.tex) !offset(-3) 

LaTeX Warning: Reference `fig: t1a1' on page 1 undefined on input line 25.

! Preview: Snippet 1 started.
<-><->
      
l.27 \begin{figure}
                   
Not a real error.


! LaTeX Error: Cannot determine size of graphic in task1_a_1.jpeg (no BoundingB
ox).

See the LaTeX manual or LaTeX Companion for explanation.
Type  H <return>  for immediate help.
 ...                                              
                                                  
l.29 \includegraphics[scale=0.3]{task1_a_1.jpeg}
                                                
Try typing  <return>  to proceed.
If that doesn't work, type  X <return>  to quit.

File: task1_a_1.jpeg Graphic file (type eps)
<task1_a_1.jpeg>
Preview: Tightpage -32891 -32891 32891 32891
! Preview: Snippet 1 ended.(2862692+127431x22609920).
<-><->
      
l.31 \end{figure}
                 
Not a real error.

[1


]

LaTeX Warning: Reference `fig: t1a2' on page 1 undefined on input line 32.

! Preview: Snippet 2 started.
<-><->
      
l.34 \begin{figure}
                   
Not a real error.


! LaTeX Error: Cannot determine size of graphic in task1_a_2.jpeg (no BoundingB
ox).

See the LaTeX manual or LaTeX Companion for explanation.
Type  H <return>  for immediate help.
 ...                                              
                                                  
l.36 \includegraphics[scale=0.3]{task1_a_2.jpeg}
                                                
Try typing  <return>  to proceed.
If that doesn't work, type  X <return>  to quit.

File: task1_a_2.jpeg Graphic file (type eps)
<task1_a_2.jpeg>
! Preview: Snippet 2 ended.(2862692+127431x22609920).
<-><->
      
l.38 \end{figure}
                 
Not a real error.

[2


]
! Preview: Snippet 3 started.
<-><->
      
l.39 ...e range -1 to 1. I.e the spectral radius $
                                                  \rho$ converges to 1 for l...

Not a real error.

! Preview: Snippet 3 ended.(282168+127431x338831).
<-><->
      
l.39 ...ge -1 to 1. I.e the spectral radius $\rho$
                                                   converges to 1 for large ...

Not a real error.

[3]

LaTeX Warning: Reference `fig: t1b1' on page 1 undefined on input line 41.

! Preview: Snippet 4 started.
<-><->
      
l.43 \begin{figure}
                   
Not a real error.


! LaTeX Error: Cannot determine size of graphic in task1_b_1.jpeg (no BoundingB
ox).

See the LaTeX manual or LaTeX Companion for explanation.
Type  H <return>  for immediate help.
 ...                                              
                                                  
l.45 \includegraphics[scale=0.3]{task1_b_1.jpeg}
                                                
Try typing  <return>  to proceed.
If that doesn't work, type  X <return>  to quit.

File: task1_b_1.jpeg Graphic file (type eps)
<task1_b_1.jpeg>
! Preview: Snippet 4 ended.(3649124+0x22609920).
<-><->
      
l.47 \end{figure}
                 
Not a real error.

[4


]
! Preview: Snippet 5 started.
<-><->
      
l.49 Here $
           m$=256 and we can see that the average norm is close to 2, and it...

Not a real error.

! Preview: Snippet 5 ended.(282168+0x575415).
<-><->
      
l.49 Here $m$
             =256 and we can see that the average norm is close to 2, and it...

Not a real error.

[5]
! Preview: Snippet 6 started.
<-><->
      
l.49 ... 2, and it seems to increase slowly when $
                                                  m$ grows.
Not a real error.

! Preview: Snippet 6 ended.(282168+0x575415).
<-><->
      
l.49 ..., and it seems to increase slowly when $m$
                                                   grows.
Not a real error.

[6]
! Preview: Snippet 7 started.
<-><->
      
l.51 For a random matrix of size $
                                  m$x$m$ the smallest singular value seems t...

Not a real error.

! Preview: Snippet 7 ended.(282168+0x575415).
<-><->
      
l.51 For a random matrix of size $m$
                                    x$m$ the smallest singular value seems t...

Not a real error.

[7]
! Preview: Snippet 8 started.
<-><->
      
l.51 For a random matrix of size $m$x$
                                      m$ the smallest singular value seems t...

Not a real error.

! Preview: Snippet 8 ended.(282168+0x575415).
<-><->
      
l.51 For a random matrix of size $m$x$m$
                                         the smallest singular value seems t...

Not a real error.

[8]
! Preview: Snippet 9 started.
<-><->
      
l.51 ...e seems to approximately follow the rule $
                                                  \sigma_{min}\leq(\frac{m}{...

Not a real error.

! Preview: Snippet 9 ended.(553676+225995x5587302).
<-><->
      
l.51 ...a_{min}\leq(\frac{m}{4})^{-1}=\frac{4}{m}$
                                                  , i.e the width of the pro...

Not a real error.

[9]
! Preview: Snippet 10 started.
<-><->
      
l.51 ... distribution close to zero decreases as $
                                                  \frac{1}{m}$. Or, the prob...

Not a real error.

! Preview: Snippet 10 ended.(553676+225995x622337).
<-><->
      
l.51 ...n close to zero decreases as $\frac{1}{m}$
                                                  . Or, the probability that...

Not a real error.

[10]

LaTeX Warning: Reference `fig: t21' on page 1 undefined on input line 63.

! Preview: Snippet 11 started.
<-><->
      
l.64 \begin{figure}
                   
Not a real error.


! LaTeX Error: Cannot determine size of graphic in task2_2.jpeg (no BoundingBox
).

See the LaTeX manual or LaTeX Companion for explanation.
Type  H <return>  for immediate help.
 ...                                              
                                                  
l.66 \includegraphics[scale=0.3]{task2_2.jpeg}
                                              
Try typing  <return>  to proceed.
If that doesn't work, type  X <return>  to quit.

File: task2_2.jpeg Graphic file (type eps)
<task2_2.jpeg>
! Preview: Snippet 11 ended.(2862692+127431x22609920).
<-><->
      
l.68 \end{figure}
                 
Not a real error.

[11


]

LaTeX Warning: Reference `fig: t22' on page 1 undefined on input line 69.

! Preview: Snippet 12 started.
<-><->
      
l.70 \begin{figure}
                   
Not a real error.


! LaTeX Error: Cannot determine size of graphic in task2_b_1.jpeg (no BoundingB
ox).

See the LaTeX manual or LaTeX Companion for explanation.
Type  H <return>  for immediate help.
 ...                                              
                                                  
l.72 \includegraphics[scale=0.3]{task2_b_1.jpeg}
                                                
Try typing  <return>  to proceed.
If that doesn't work, type  X <return>  to quit.

File: task2_b_1.jpeg Graphic file (type eps)
<task2_b_1.jpeg>
! Preview: Snippet 12 ended.(2862692+127431x22609920).
<-><->
      
l.74 \end{figure}
                 
Not a real error.

[12


]
! Preview: Snippet 13 started.
<-><->
      
l.77 ...xpression we have numbers in the size of $
                                                  10^4$, while the factorize...

Not a real error.

! Preview: Snippet 13 ended.(533465+0x949365).
<-><->
      
l.77 ...sion we have numbers in the size of $10^4$
                                                  , while the factorized are...

Not a real error.

[13]
! Preview: Snippet 14 started.
<-><->
      
l.81 We want to find $
                      b$ and $\delta b$ s.t the following holds:
Not a real error.

! Preview: Snippet 14 ended.(455111+0x281258).
<-><->
      
l.81 We want to find $b$
                         and $\delta b$ s.t the following holds:
Not a real error.

[14]
! Preview: Snippet 15 started.
<-><->
      
l.81 We want to find $b$ and $
                              \delta b$ s.t the following holds:
Not a real error.

! Preview: Snippet 15 ended.(455111+0x597332).
<-><->
      
l.81 We want to find $b$ and $\delta b$
                                        s.t the following holds:
Not a real error.

[15]
! Preview: Snippet 16 started.
<-><->
      
l.82 \begin{equation*}
                      
Not a real error.

! Preview: Snippet 16 ended.(1548261+0x14328916).
<-><->
      
l.84 \end{equation*}
                    
Not a real error.

[16]
! Preview: Snippet 17 started.
<-><->
      
l.85 were $
           A$ is a full ranked matrix and $\kappa_2(A)=\|A\|_2\|A^{-1}\|_2$ ...

Not a real error.

! Preview: Snippet 17 ended.(447828+0x491521).
<-><->
      
l.85 were $A$
              is a full ranked matrix and $\kappa_2(A)=\|A\|_2\|A^{-1}\|_2$ ...

Not a real error.

[17]
! Preview: Snippet 18 started.
<-><->
      
l.85 were $A$ is a full ranked matrix and $
                                           \kappa_2(A)=\|A\|_2\|A^{-1}\|_2$ ...

Not a real error.

! Preview: Snippet 18 ended.(533465+163840x6132023).
<-><->
      
l.85 ...trix and $\kappa_2(A)=\|A\|_2\|A^{-1}\|_2$
                                                   is the condition number o...

Not a real error.

[18]
! Preview: Snippet 19 started.
<-><->
      
l.85 ...\|A^{-1}\|_2$ is the condition number of $
                                                  A$ using the 2-norm. We us...

Not a real error.

! Preview: Snippet 19 ended.(447828+0x491521).
<-><->
      
l.85 ...A^{-1}\|_2$ is the condition number of $A$
                                                   using the 2-norm. We use ...

Not a real error.

[19]
! Preview: Snippet 20 started.
<-><->
      
l.85 ...se the hint that this can be achieved if $
                                                  b$ and $\delta b$ are expr...

Not a real error.

! Preview: Snippet 20 ended.(455111+0x281258).
<-><->
      
l.85 ... the hint that this can be achieved if $b$
                                                   and $\delta b$ are expres...

Not a real error.

[20]
! Preview: Snippet 21 started.
<-><->
      
l.85 ...int that this can be achieved if $b$ and $
                                                  \delta b$ are expressed in...

Not a real error.

! Preview: Snippet 21 ended.(455111+0x597332).
<-><->
      
l.85 ...this can be achieved if $b$ and $\delta b$
                                                   are expressed in terms of...

Not a real error.

[21]
! Preview: Snippet 22 started.
<-><->
      
l.85 ...sed in terms of left singular vectors of $
                                                  A$.
Not a real error.

! Preview: Snippet 22 ended.(447828+0x491521).
<-><->
      
l.85 ...d in terms of left singular vectors of $A$
                                                  .
Not a real error.

[22]
! Preview: Snippet 23 started.
<-><->
      
l.87 ... that it is an eigenvector to the matrix $
                                                  AA^T$. If $A=U\Sigma V^T$ ...

Not a real error.

! Preview: Snippet 23 ended.(551306+0x1395896).
<-><->
      
l.87 ... it is an eigenvector to the matrix $AA^T$
                                                  . If $A=U\Sigma V^T$ is th...

Not a real error.

[23]
! Preview: Snippet 24 started.
<-><->
      
l.87 ... an eigenvector to the matrix $AA^T$. If $
                                                  A=U\Sigma V^T$ is the svd ...

Not a real error.

! Preview: Snippet 24 ended.(551306+0x3298342).
<-><->
      
l.87 ...r to the matrix $AA^T$. If $A=U\Sigma V^T$
                                                   is the svd of $A$ then $A...

Not a real error.

[24]
! Preview: Snippet 25 started.
<-><->
      
l.87 ...$AA^T$. If $A=U\Sigma V^T$ is the svd of $
                                                  A$ then $AA^T=U\Sigma^2U^T...

Not a real error.

! Preview: Snippet 25 ended.(447828+0x491521).
<-><->
      
l.87 ...A^T$. If $A=U\Sigma V^T$ is the svd of $A$
                                                   then $AA^T=U\Sigma^2U^T$ ...

Not a real error.

[25]
! Preview: Snippet 26 started.
<-><->
      
l.87 ...f $A=U\Sigma V^T$ is the svd of $A$ then $
                                                  AA^T=U\Sigma^2U^T$ and $AA...

Not a real error.

! Preview: Snippet 26 ended.(551306+0x4487707).
<-><->
      
l.87 ...is the svd of $A$ then $AA^T=U\Sigma^2U^T$
                                                   and $AA^TU = U\Sigma^2$ o...

Not a real error.

[26]
! Preview: Snippet 27 started.
<-><->
      
l.87 ... svd of $A$ then $AA^T=U\Sigma^2U^T$ and $
                                                  AA^TU = U\Sigma^2$ or $(AA...

Not a real error.

! Preview: Snippet 27 ended.(551306+0x4074853).
<-><->
      
l.87 ...AA^T=U\Sigma^2U^T$ and $AA^TU = U\Sigma^2$
                                                   or $(AA^TU_1 \ldots AA^TU...

Not a real error.

[27]
! Preview: Snippet 28 started.
<-><->
      
l.87 ...U\Sigma^2U^T$ and $AA^TU = U\Sigma^2$ or $
                                                  (AA^TU_1 \ldots AA^TU_n)=(...

Not a real error.

! Preview: Snippet 28 ended.(551306+163840x11165658).
<-><->
      
l.87 ...U_n)=(\sigma_1^2U_1 \ldots \sigma_n^2U_n)$
                                                   where $U_i$ are the colum...

Not a real error.

[28]
! Preview: Snippet 29 started.
<-><->
      
l.87 ...igma_1^2U_1 \ldots \sigma_n^2U_n)$ where $
                                                  U_i$ are the columns of $U...

Not a real error.

! Preview: Snippet 29 ended.(447828+98303x665653).
<-><->
      
l.87 ..._1^2U_1 \ldots \sigma_n^2U_n)$ where $U_i$
                                                   are the columns of $U$. W...

Not a real error.

[29]
! Preview: Snippet 30 started.
<-><->
      
l.87 ..._n^2U_n)$ where $U_i$ are the columns of $
                                                  U$. We see directly that t...

Not a real error.

! Preview: Snippet 30 ended.(447828+0x518916).
<-><->
      
l.87 ...^2U_n)$ where $U_i$ are the columns of $U$
                                                  . We see directly that the...

Not a real error.

[30]
! Preview: Snippet 31 started.
<-><->
      
l.87 ...left singular vectors are the columns of $
                                                  U$. For the two norm we ha...

Not a real error.

! Preview: Snippet 31 ended.(447828+0x518916).
<-><->
      
l.87 ...ft singular vectors are the columns of $U$
                                                  . For the two norm we have...

Not a real error.

[31]
! Preview: Snippet 32 started.
<-><->
      
l.87 ...columns of $U$. For the two norm we have $
                                                  \|A\|_2 = \sigma_1$, and $...

Not a real error.

! Preview: Snippet 32 ended.(491520+163840x2983176).
<-><->
      
l.87 ... the two norm we have $\|A\|_2 = \sigma_1$
                                                  , and $\|A^{-1}\|_2=\frac{...

Not a real error.

[32]
! Preview: Snippet 33 started.
<-><->
      
l.87 ...o norm we have $\|A\|_2 = \sigma_1$, and $
                                                  \|A^{-1}\|_2=\frac{1}{\sig...

Not a real error.

! Preview: Snippet 33 ended.(553676+291531x3800660).
<-><->
      
l.87 ..._1$, and $\|A^{-1}\|_2=\frac{1}{\sigma_n}$
                                                  . This motivates us to cho...

Not a real error.

[33]
! Preview: Snippet 34 started.
<-><->
      
l.87 ...{\sigma_n}$. This motivates us to choose $
                                                  b$ and $\delta b$ in terms...

Not a real error.

! Preview: Snippet 34 ended.(455111+0x281258).
<-><->
      
l.87 ...sigma_n}$. This motivates us to choose $b$
                                                   and $\delta b$ in terms o...

Not a real error.

[34]
! Preview: Snippet 35 started.
<-><->
      
l.87 ...n}$. This motivates us to choose $b$ and $
                                                  \delta b$ in terms of the ...

Not a real error.

! Preview: Snippet 35 ended.(455111+0x597332).
<-><->
      
l.87 ... motivates us to choose $b$ and $\delta b$
                                                   in terms of the columns o...

Not a real error.

[35]
! Preview: Snippet 36 started.
<-><->
      
l.87 ...nd $\delta b$ in terms of the columns of $
                                                  U$ corresponding to the la...

Not a real error.

! Preview: Snippet 36 ended.(447828+0x518916).
<-><->
      
l.87 ... $\delta b$ in terms of the columns of $U$
                                                   corresponding to the larg...

Not a real error.

[36]
! Preview: Snippet 37 started.
<-><->
      
l.87 ...argest and smallest singular values, i.e $
                                                  U_1$ and $U_n$. We try wit...

Not a real error.

! Preview: Snippet 37 ended.(447828+98303x741468).
<-><->
      
l.87 ...st and smallest singular values, i.e $U_1$
                                                   and $U_n$. We try with $b...

Not a real error.

[37]
! Preview: Snippet 38 started.
<-><->
      
l.87 ... smallest singular values, i.e $U_1$ and $
                                                  U_n$. We try with $b = \al...

Not a real error.

! Preview: Snippet 38 ended.(447828+98303x804199).
<-><->
      
l.87 ...llest singular values, i.e $U_1$ and $U_n$
                                                  . We try with $b = \alpha ...

Not a real error.

[38]
! Preview: Snippet 39 started.
<-><->
      
l.87 ...values, i.e $U_1$ and $U_n$. We try with $
                                                  b = \alpha U_1$ and $\delt...

Not a real error.

! Preview: Snippet 39 ended.(455111+98303x2318193).
<-><->
      
l.87 ...1$ and $U_n$. We try with $b = \alpha U_1$
                                                   and $\delta b = \beta U_n...

Not a real error.

[39]
! Preview: Snippet 40 started.
<-><->
      
l.87 ... $U_n$. We try with $b = \alpha U_1$ and $
                                                  \delta b = \beta U_n$. We ...

Not a real error.

! Preview: Snippet 40 ended.(455111+127431x2680613).
<-><->
      
l.87 ...b = \alpha U_1$ and $\delta b = \beta U_n$
                                                  . We get by using linearity:
Not a real error.

[40]
! Preview: Snippet 41 started.
<-><->
      
l.88 \begin{equation*}
                      
Not a real error.

! Preview: Snippet 41 ended.(1439032+0x21861398).
<-><->
      
l.90 \end{equation*}
                    
Not a real error.

[41]
! Preview: Snippet 42 started.
<-><->
      
l.92 \begin{equation*}
                      
Not a real error.

! Preview: Snippet 42 ended.(1439032+0x22207433).
<-><->
      
l.94 \end{equation*}
                    
Not a real error.

[42]
! Preview: Snippet 43 started.
<-><->
      
l.95 Where $
            V_1$ and $V_n$ is the first respectively the last columns of $V$...

Not a real error.

! Preview: Snippet 43 ended.(447828+98303x676296).
<-><->
      
l.95 Where $V_1$
                 and $V_n$ is the first respectively the last columns of $V$...

Not a real error.

[43]
! Preview: Snippet 44 started.
<-><->
      
l.95 Where $V_1$ and $
                      V_n$ is the first respectively the last columns of $V$...

Not a real error.

! Preview: Snippet 44 ended.(447828+98303x739027).
<-><->
      
l.95 Where $V_1$ and $V_n$
                           is the first respectively the last columns of $V$...

Not a real error.

[44]
! Preview: Snippet 45 started.
<-><->
      
l.95 ...e first respectively the last columns of $
                                                  V$.Then $\|x\|_2 = \frac{|...

Not a real error.

! Preview: Snippet 45 ended.(447828+0x527929).
<-><->
      
l.95 ...first respectively the last columns of $V$
                                                  .Then $\|x\|_2 = \frac{|\a...

Not a real error.

[45]
! Preview: Snippet 46 started.
<-><->
      
l.95 ...espectively the last columns of $V$.Then $
                                                  \|x\|_2 = \frac{|\alpha|}{...

Not a real error.

! Preview: Snippet 46 ended.(661912+291531x3007015).
<-><->
      
l.95 ...Then $\|x\|_2 = \frac{|\alpha|}{\sigma_1}$
                                                   and $\|\delta x\|_2 = \fr...

Not a real error.

[46]
! Preview: Snippet 47 started.
<-><->
      
l.95 ...\|x\|_2 = \frac{|\alpha|}{\sigma_1}$ and $
                                                  \|\delta x\|_2 = \frac{|\b...

Not a real error.

! Preview: Snippet 47 ended.(661912+291531x3303125).
<-><->
      
l.95 ...\|\delta x\|_2 = \frac{|\beta|}{\sigma_n}$
                                                   and
Not a real error.

[47]
! Preview: Snippet 48 started.
<-><->
      
l.96 \begin{equation*}
                      
Not a real error.

! Preview: Snippet 48 ended.(1548261+0x13556273).
<-><->
      
l.98 \end{equation*}
                    
Not a real error.

[48]
! Preview: Snippet 49 started.
<-><->
      
l.99 \begin{equation*}
                      
Not a real error.

! Preview: Snippet 49 ended.(1548261+0x17733698).
<-><->
      
l.101 \end{equation*}
                     
Not a real error.

[49]
LaTeX Font Info:    Try loading font information for OMS+cmr on input line 120.

 (/usr/share/texlive/texmf-dist/tex/latex/base/omscmr.fd
File: omscmr.fd 1999/05/25 v2.5h Standard LaTeX font definitions
)
LaTeX Font Info:    Font shape `OMS/cmr/m/n' in size <10> not available
(Font)              Font shape `OMS/cmsy/m/n' tried instead on input line 120.

! Preview: Snippet 50 started.
<-><->
      
l.140 We here check the equality of $
                                     \kappa_2(A)$ and $\frac{\frac{\|\delta ...

Not a real error.

! Preview: Snippet 50 ended.(491520+163840x1672841).
<-><->
      
l.140 We here check the equality of $\kappa_2(A)$
                                                  and $\frac{\frac{\|\delta ...

Not a real error.

[50]
! Preview: Snippet 51 started.
<-><->
      
l.140 ...check the equality of $\kappa_2(A)$ and $
                                                  \frac{\frac{\|\delta x\|_2...

Not a real error.

! Preview: Snippet 51 ended.(958132+630452x1537124).
<-><->
      
l.140 ...|x\|_2}}{\frac{\|\delta b\|_2}{\|b\|_2}}$
                                                   when $b$ and $\delta b$ a...

Not a real error.

[51]
! Preview: Snippet 52 started.
<-><->
      
l.140 ...}{\frac{\|\delta b\|_2}{\|b\|_2}}$ when $
                                                  b$ and $\delta b$ are choo...

Not a real error.

! Preview: Snippet 52 ended.(455111+0x281258).
<-><->
      
l.140 ...\frac{\|\delta b\|_2}{\|b\|_2}}$ when $b$
                                                   and $\delta b$ are choose...

Not a real error.

[52]
! Preview: Snippet 53 started.
<-><->
      
l.140 ...\|\delta b\|_2}{\|b\|_2}}$ when $b$ and $
                                                  \delta b$ are choosen acco...

Not a real error.

! Preview: Snippet 53 ended.(455111+0x597332).
<-><->
      
l.140 ...b\|_2}{\|b\|_2}}$ when $b$ and $\delta b$
                                                   are choosen according to ...

Not a real error.

[53]
! Preview: Snippet 54 started.
<-><->
      
l.140 ...oosen according to Task 3. We calculate $
                                                  \kappa_2(A)$ in four diffe...

Not a real error.

! Preview: Snippet 54 ended.(491520+163840x1672841).
<-><->
      
l.140 ...ing to Task 3. We calculate $\kappa_2(A)$
                                                   in four different ways, a...

Not a real error.

[54]
! Preview: Snippet 55 started.
<-><->
      
l.140 ... much faster than the quota. When using $
                                                  \kappa_2(A) = \|A^{-1}\|_2...

Not a real error.

! Preview: Snippet 55 ended.(661912+340683x5938419).
<-><->
      
l.140 ...A) = \|A^{-1}\|_2\frac{\|b\|_2}{\|x\|_2}$
                                                   equality holds to about s...

Not a real error.

[55]
! Preview: Snippet 56 started.
<-><->
      
l.140 ...15. But more importantly, our choice of $
                                                  b$ and $\delta b$ resulted...

Not a real error.

! Preview: Snippet 56 ended.(455111+0x281258).
<-><->
      
l.140 .... But more importantly, our choice of $b$
                                                   and $\delta b$ resulted i...

Not a real error.

[56]
! Preview: Snippet 57 started.
<-><->
      
l.140 ...more importantly, our choice of $b$ and $
                                                  \delta b$ resulted in the ...

Not a real error.

! Preview: Snippet 57 ended.(455111+0x597332).
<-><->
      
l.140 ...rtantly, our choice of $b$ and $\delta b$
                                                   resulted in the quota $\f...

Not a real error.

[57]
! Preview: Snippet 58 started.
<-><->
      
l.140 ...b$ and $\delta b$ resulted in the quota $
                                                  \frac{\frac{\|\delta x\|_2...

Not a real error.

! Preview: Snippet 58 ended.(958132+630452x1537124).
<-><->
      
l.140 ...|x\|_2}}{\frac{\|\delta b\|_2}{\|b\|_2}}$
                                                   being massive.
Not a real error.

[58]

LaTeX Warning: There were undefined references.

 ) 
Here is how much of TeX's memory you used:
 3521 strings out of 495029
 43471 string characters out of 6181523
 112531 words of memory out of 5000000
 6711 multiletter control sequences out of 15000+600000
 8111 words of font info for 30 fonts, out of 8000000 for 9000
 14 hyphenation exceptions out of 8191
 27i,6n,32p,1842b,1605s stack positions out of 5000i,500n,10000p,200000b,80000s

Output written on _region_.dvi (58 pages, 11324 bytes).
